<?xml version="1.0" encoding="UTF-8"?>
<!-- Generated by org.testng.reporters.JUnitXMLReporter -->
<testsuite hostname="DESKTOP-EU7RG2N" name="Chrome test" tests="8" failures="0" timestamp="17 Jul 2018 05:53:38 GMT" time="87.395" errors="0">
  <testcase name="chrome_only_validation" time="6.045" classname="com.cucumber.test.DemoQAChrome"/>
  <testcase name="go_to_http_store_demoqa_com" time="20.292" classname="com.cucumber.test.DemoQAChrome"/>
  <testcase name="go_to_Product_category_and_select_Accessories" time="7.263" classname="com.cucumber.test.DemoQAChrome"/>
  <testcase name="click_on_Add_to_Cart_for_just_Magic_Mouse" time="2.106" classname="com.cucumber.test.DemoQAChrome"/>
  <testcase name="click_on_Checkout_and_confirm_you_have_Magic_Mouse_in_your_Check_Out_Page" time="7.641" classname="com.cucumber.test.DemoQAChrome"/>
  <testcase name="after_confirming_click_on_Continue" time="2.14" classname="com.cucumber.test.DemoQAChrome"/>
  <testcase name="enter_test_data_needed_for_email_billing_or_contact_details_and_click_Purchase" time="38.471" classname="com.cucumber.test.DemoQAChrome"/>
  <testcase name="confirm_that_you_have_placed_the_Order_in_Transaction_Results_page" time="3.389" classname="com.cucumber.test.DemoQAChrome"/>
</testsuite> <!-- Chrome test -->
