<?xml version="1.0" encoding="UTF-8"?>
<!-- Generated by org.testng.reporters.JUnitXMLReporter -->
<testsuite hostname="DESKTOP-EU7RG2N" name="Default test" tests="8" failures="0" timestamp="17 Jul 2018 08:41:53 GMT" time="0.116" errors="0">
  <testcase name="@BeforeTest startReport" time="0.0" classname="com.cucumber.test.DemoQAChrome">
    <failure type="org.testng.TestNGException" message="
Method startReport requires 1 parameters but 0 were supplied in the @Configuration annotation.">
      <![CDATA[org.testng.TestNGException: 
Method startReport requires 1 parameters but 0 were supplied in the @Configuration annotation.
	at org.testng.internal.Parameters.checkParameterTypes(Parameters.java:198)
	at org.testng.internal.Parameters.createParameters(Parameters.java:134)
	at org.testng.internal.Parameters.createParameters(Parameters.java:370)
	at org.testng.internal.Parameters.createConfigurationParameters(Parameters.java:86)
	at org.testng.internal.Invoker.invokeConfigurations(Invoker.java:199)
	at org.testng.internal.Invoker.invokeConfigurations(Invoker.java:138)
	at org.testng.TestRunner.beforeRun(TestRunner.java:641)
	at org.testng.TestRunner.run(TestRunner.java:609)
	at org.testng.SuiteRunner.runTest(SuiteRunner.java:334)
	at org.testng.SuiteRunner.runSequentially(SuiteRunner.java:329)
	at org.testng.SuiteRunner.privateRun(SuiteRunner.java:291)
	at org.testng.SuiteRunner.run(SuiteRunner.java:240)
	at org.testng.SuiteRunnerWorker.runSuite(SuiteRunnerWorker.java:52)
	at org.testng.SuiteRunnerWorker.run(SuiteRunnerWorker.java:86)
	at org.testng.TestNG.runSuitesSequentially(TestNG.java:1198)
	at org.testng.TestNG.runSuitesLocally(TestNG.java:1123)
	at org.testng.TestNG.run(TestNG.java:1031)
	at org.testng.remote.AbstractRemoteTestNG.run(AbstractRemoteTestNG.java:132)
	at org.testng.remote.RemoteTestNG.initAndRun(RemoteTestNG.java:230)
	at org.testng.remote.RemoteTestNG.main(RemoteTestNG.java:76)
]]>
    </failure>
  </testcase> <!-- @BeforeTest startReport -->
  <testcase name="@AfterMethod getResult" time="0.0" classname="com.cucumber.test.DemoQAChrome">
    <skipped/>
  </testcase> <!-- @AfterMethod getResult -->
  <testcase name="@AfterMethod getResult" time="0.0" classname="com.cucumber.test.DemoQAChrome">
    <skipped/>
  </testcase> <!-- @AfterMethod getResult -->
  <testcase name="@AfterMethod getResult" time="0.0" classname="com.cucumber.test.DemoQAChrome">
    <skipped/>
  </testcase> <!-- @AfterMethod getResult -->
  <testcase name="@AfterMethod getResult" time="0.0" classname="com.cucumber.test.DemoQAChrome">
    <skipped/>
  </testcase> <!-- @AfterMethod getResult -->
  <testcase name="@AfterMethod getResult" time="0.003" classname="com.cucumber.test.DemoQAChrome">
    <skipped/>
  </testcase> <!-- @AfterMethod getResult -->
  <testcase name="@AfterMethod getResult" time="0.0" classname="com.cucumber.test.DemoQAChrome">
    <skipped/>
  </testcase> <!-- @AfterMethod getResult -->
  <testcase name="@AfterMethod getResult" time="0.0" classname="com.cucumber.test.DemoQAChrome">
    <skipped/>
  </testcase> <!-- @AfterMethod getResult -->
  <testcase name="@AfterTest endreport" time="0.0" classname="com.cucumber.test.DemoQAChrome">
    <skipped/>
  </testcase> <!-- @AfterTest endreport -->
  <testcase name="chrome_only_validation" time="0.021" classname="com.cucumber.test.DemoQAChrome">
    <skipped/>
  </testcase> <!-- chrome_only_validation -->
  <testcase name="go_to_http_store_demoqa_com" time="0.001" classname="com.cucumber.test.DemoQAChrome">
    <skipped/>
  </testcase> <!-- go_to_http_store_demoqa_com -->
  <testcase name="go_to_Product_category_and_select_Accessories" time="0.003" classname="com.cucumber.test.DemoQAChrome">
    <skipped/>
  </testcase> <!-- go_to_Product_category_and_select_Accessories -->
  <testcase name="click_on_Add_to_Cart_for_just_Magic_Mouse" time="0.004" classname="com.cucumber.test.DemoQAChrome">
    <skipped/>
  </testcase> <!-- click_on_Add_to_Cart_for_just_Magic_Mouse -->
  <testcase name="click_on_Checkout_and_confirm_you_have_Magic_Mouse_in_your_Check_Out_Page" time="0.003" classname="com.cucumber.test.DemoQAChrome">
    <skipped/>
  </testcase> <!-- click_on_Checkout_and_confirm_you_have_Magic_Mouse_in_your_Check_Out_Page -->
  <testcase name="after_confirming_click_on_Continue" time="0.002" classname="com.cucumber.test.DemoQAChrome">
    <skipped/>
  </testcase> <!-- after_confirming_click_on_Continue -->
  <testcase name="enter_test_data_needed_for_email_billing_or_contact_details_and_click_Purchase" time="0.002" classname="com.cucumber.test.DemoQAChrome">
    <skipped/>
  </testcase> <!-- enter_test_data_needed_for_email_billing_or_contact_details_and_click_Purchase -->
  <testcase name="confirm_that_you_have_placed_the_Order_in_Transaction_Results_page" time="0.002" classname="com.cucumber.test.DemoQAChrome">
    <skipped/>
  </testcase> <!-- confirm_that_you_have_placed_the_Order_in_Transaction_Results_page -->
</testsuite> <!-- Default test -->
