<?xml version="1.0" encoding="UTF-8"?>
<!-- Generated by org.testng.reporters.JUnitXMLReporter -->
<testsuite hostname="INNO-5CG6164TTR" name="Test" tests="16" failures="0" timestamp="17 Jul 2018 16:12:11 GMT" time="65.978" errors="0">
  <testcase name="chrome_only_validation" time="4.677" classname="com.cucumber.test.DemoQAChrome"/>
  <testcase name="go_to_http_store_demoqa_com" time="8.384" classname="com.cucumber.test.DemoQAChrome"/>
  <testcase name="firefox_browser_only_validation" time="14.504" classname="com.cucumber.test.DemoQAFireFox"/>
  <testcase name="go_to_Product_category_and_select_Accessories" time="7.882" classname="com.cucumber.test.DemoQAChrome"/>
  <testcase name="click_on_Add_to_Cart_for_just_Magic_Mouse" time="0.383" classname="com.cucumber.test.DemoQAChrome"/>
  <testcase name="navigate_to_http_store_demoqa_com" time="8.918" classname="com.cucumber.test.DemoQAFireFox"/>
  <testcase name="navigate_to_Product_category_and_select_Accessories" time="5.685" classname="com.cucumber.test.DemoQAFireFox"/>
  <testcase name="click_on_Checkout_and_confirm_you_have_Magic_Mouse_in_your_Check_Out_Page" time="8.361" classname="com.cucumber.test.DemoQAChrome"/>
  <testcase name="after_confirming_click_on_Continue" time="0.245" classname="com.cucumber.test.DemoQAChrome"/>
  <testcase name="click_on_Add_to_Cart_button_for_just_Magic_Mouse" time="3.138" classname="com.cucumber.test.DemoQAFireFox"/>
  <testcase name="click_on_Checkout_link_and_confirm_you_have_Magic_Mouse_in_your_Check_Out_Page" time="6.392" classname="com.cucumber.test.DemoQAFireFox"/>
  <testcase name="after_confirming_click_on_Continue_button" time="4.42" classname="com.cucumber.test.DemoQAFireFox"/>
  <testcase name="enter_dummy_data_needed_for_email_billing_or_contact_details_and_click_Purchase" time="6.449" classname="com.cucumber.test.DemoQAFireFox"/>
  <testcase name="confirm_that_you_have_placed_the_Order_in_Transaction_Result_page" time="1.958" classname="com.cucumber.test.DemoQAFireFox"/>
  <testcase name="enter_test_data_needed_for_email_billing_or_contact_details_and_click_Purchase" time="35.284" classname="com.cucumber.test.DemoQAChrome"/>
  <testcase name="confirm_that_you_have_placed_the_Order_in_Transaction_Results_page" time="0.723" classname="com.cucumber.test.DemoQAChrome"/>
</testsuite> <!-- Test -->
