<?xml version="1.0" encoding="UTF-8"?>
<testsuite xmlns:xsi="http://www.w3.org/2001/XMLSchema-instance" xsi:noNamespaceSchemaLocation="https://maven.apache.org/surefire/maven-surefire-plugin/xsd/surefire-test-report.xsd" name="TestSuite" time="106.344" tests="16" errors="0" skipped="0" failures="10">
  <properties>
[...]
</properties>
  <testcase name="chrome_only_validation" classname="com.cucumber.test.DemoQAChrome" time="22.838">
    <failure type="java.lang.NullPointerException">java.lang.NullPointerException
	at com.cucumber.test.DemoQAChrome.chrome_only_validation(DemoQAChrome.java:88)
</failure>
    <system-out><![CDATA[Firefox Browser Environmnet Created
Chrome Browser Environmnet Created
________________________________________
________________________________________
Exception while taking ScreenShot null
]]></system-out>
    <system-err><![CDATA[Jul 17, 2018 1:09:04 PM org.openqa.selenium.remote.DesiredCapabilities firefox
INFO: Using `new FirefoxOptions()` is preferred to `DesiredCapabilities.firefox()`
1531813146187	geckodriver	INFO	geckodriver 0.21.0
1531813146263	geckodriver	INFO	Listening on 127.0.0.1:41765
1531813147441	mozrunner::runner	INFO	Running command: "C:\\Program Files (x86)\\Mozilla Firefox\\firefox.exe" "-marionette" "-foreground" "-no-remote" "-profile" "C:\\Users\\Divya\\AppData\\Local\\Temp\\rust_mozprofile.DfbrAsKSZreU"
Unable to read VR Path Registry from C:\Users\Divya\AppData\Local\openvr\openvrpaths.vrpath
org.openqa.selenium.WebDriverException: Timed out waiting for driver server to start.
Build info: version: '3.8.1', revision: '6e95a6684b', time: '2017-12-01T18:33:54.468Z'
System info: host: 'DESKTOP-EU7RG2N', ip: '192.168.43.6', os.name: 'Windows 10', os.arch: 'amd64', os.version: '10.0', java.version: '1.8.0_131'
Driver info: driver.version: ChromeDriver
	at org.openqa.selenium.remote.service.DriverService.waitUntilAvailable(DriverService.java:192)
	at org.openqa.selenium.remote.service.DriverService.start(DriverService.java:178)
	at org.openqa.selenium.remote.service.DriverCommandExecutor.execute(DriverCommandExecutor.java:79)
	at org.openqa.selenium.remote.RemoteWebDriver.execute(RemoteWebDriver.java:601)
	at org.openqa.selenium.remote.RemoteWebDriver.startSession(RemoteWebDriver.java:219)
	at org.openqa.selenium.remote.RemoteWebDriver.<init>(RemoteWebDriver.java:142)
	at org.openqa.selenium.chrome.ChromeDriver.<init>(ChromeDriver.java:181)
	at org.openqa.selenium.chrome.ChromeDriver.<init>(ChromeDriver.java:168)
	at org.openqa.selenium.chrome.ChromeDriver.<init>(ChromeDriver.java:157)
	at com.cucumber.test.DemoQAChrome.chrome_only_validation(DemoQAChrome.java:77)
	at sun.reflect.NativeMethodAccessorImpl.invoke0(Native Method)
	at sun.reflect.NativeMethodAccessorImpl.invoke(Unknown Source)
	at sun.reflect.DelegatingMethodAccessorImpl.invoke(Unknown Source)
	at java.lang.reflect.Method.invoke(Unknown Source)
	at org.testng.internal.MethodInvocationHelper.invokeMethod(MethodInvocationHelper.java:80)
	at org.testng.internal.Invoker.invokeMethod(Invoker.java:714)
	at org.testng.internal.Invoker.invokeTestMethod(Invoker.java:901)
	at org.testng.internal.Invoker.invokeTestMethods(Invoker.java:1231)
	at org.testng.internal.TestMethodWorker.invokeTestMethods(TestMethodWorker.java:127)
	at org.testng.internal.TestMethodWorker.run(TestMethodWorker.java:111)
	at java.util.concurrent.ThreadPoolExecutor.runWorker(Unknown Source)
	at java.util.concurrent.ThreadPoolExecutor$Worker.run(Unknown Source)
	at java.lang.Thread.run(Unknown Source)
Caused by: org.openqa.selenium.net.UrlChecker$TimeoutException: Timed out waiting for [http://localhost:18128/status] to be available after 20002 ms
	at org.openqa.selenium.net.UrlChecker.waitUntilAvailable(UrlChecker.java:100)
	at org.openqa.selenium.remote.service.DriverService.waitUntilAvailable(DriverService.java:187)
	... 22 more
Caused by: java.util.concurrent.TimeoutException
	at java.util.concurrent.FutureTask.get(Unknown Source)
	at com.google.common.util.concurrent.SimpleTimeLimiter.callWithTimeout(SimpleTimeLimiter.java:147)
	at org.openqa.selenium.net.UrlChecker.waitUntilAvailable(UrlChecker.java:75)
	... 23 more
]]></system-err>
  </testcase>
  <testcase name="go_to_http_store_demoqa_com" classname="com.cucumber.test.DemoQAChrome" time="0.001">
    <failure type="java.lang.NullPointerException">java.lang.NullPointerException
	at com.cucumber.test.DemoQAChrome.go_to_http_store_demoqa_com(DemoQAChrome.java:104)
</failure>
    <system-out><![CDATA[Exception while taking ScreenShot null
]]></system-out>
  </testcase>
  <testcase name="go_to_Product_category_and_select_Accessories" classname="com.cucumber.test.DemoQAChrome" time="0.009">
    <failure type="java.lang.NullPointerException">java.lang.NullPointerException
	at com.cucumber.test.DemoQAChrome.go_to_Product_category_and_select_Accessories(DemoQAChrome.java:121)
</failure>
    <system-out><![CDATA[Exception while taking ScreenShot null
]]></system-out>
  </testcase>
  <testcase name="click_on_Add_to_Cart_for_just_Magic_Mouse" classname="com.cucumber.test.DemoQAChrome" time="1.001">
    <failure type="java.lang.NullPointerException">java.lang.NullPointerException
	at com.cucumber.test.DemoQAChrome.click_on_Add_to_Cart_for_just_Magic_Mouse(DemoQAChrome.java:136)
</failure>
    <system-out><![CDATA[Exception while taking ScreenShot null
]]></system-out>
  </testcase>
  <testcase name="click_on_Checkout_and_confirm_you_have_Magic_Mouse_in_your_Check_Out_Page" classname="com.cucumber.test.DemoQAChrome" time="0.006">
    <failure type="java.lang.NullPointerException">java.lang.NullPointerException
	at com.cucumber.test.DemoQAChrome.click_on_Checkout_and_confirm_you_have_Magic_Mouse_in_your_Check_Out_Page(DemoQAChrome.java:151)
</failure>
    <system-out><![CDATA[Exception while taking ScreenShot null
]]></system-out>
  </testcase>
  <testcase name="after_confirming_click_on_Continue" classname="com.cucumber.test.DemoQAChrome" time="1.005">
    <failure type="java.lang.NullPointerException">java.lang.NullPointerException
	at com.cucumber.test.DemoQAChrome.after_confirming_click_on_Continue(DemoQAChrome.java:166)
</failure>
    <system-out><![CDATA[Exception while taking ScreenShot null
]]></system-out>
  </testcase>
  <testcase name="enter_test_data_needed_for_email_billing_or_contact_details_and_click_Purchase" classname="com.cucumber.test.DemoQAChrome" time="16.047">
    <failure type="java.lang.NullPointerException">java.lang.NullPointerException
	at com.cucumber.test.DemoQAChrome.enter_test_data_needed_for_email_billing_or_contact_details_and_click_Purchase(DemoQAChrome.java:207)
</failure>
    <system-out><![CDATA[Exception while taking ScreenShot null
]]></system-out>
    <system-err><![CDATA[[GFX1-]: Failed to connect GPU process
[GFX1-]: [D3D11] failed to get compositor device.
[GFX1-]: [D3D11] Failed to init compositor with reason: FEATURE_FAILURE_D3D11_NO_DEVICE
[GFX1-]: [D3D11] failed to get compositor device.
[GFX1-]: [D3D11] Failed to init compositor with reason: FEATURE_FAILURE_D3D11_NO_DEVICE
Unable to read VR Path Registry from C:\Users\Divya\AppData\Local\openvr\openvrpaths.vrpath
[GFX1-]: Could not get a DXGI adapter
[Parent 6500, Gecko_IOThread] WARNING: pipe error: 109: file z:/build/build/src/ipc/chromium/src/chrome/common/ipc_channel_win.cc, line 346
[Child 9228, Chrome_ChildThread] WARNING: pipe error: 109: file z:/build/build/src/ipc/chromium/src/chrome/common/ipc_channel_win.cc, line 346
[Child 9228, Chrome_ChildThread] WARNING: pipe error: 109: file z:/build/build/src/ipc/chromium/src/chrome/common/ipc_channel_win.cc, line 346
1531813184636	Marionette	INFO	Listening on port 51995
1531813184760	Marionette	WARN	TLS certificate errors will be ignored for this session
]]></system-err>
  </testcase>
  <testcase name="confirm_that_you_have_placed_the_Order_in_Transaction_Results_page" classname="com.cucumber.test.DemoQAChrome" time="0.002">
    <failure type="java.lang.NullPointerException">java.lang.NullPointerException
	at com.cucumber.test.DemoQAChrome.confirm_that_you_have_placed_the_Order_in_Transaction_Results_page(DemoQAChrome.java:221)
</failure>
    <system-out><![CDATA[Exception while taking ScreenShot null
]]></system-out>
  </testcase>
  <testcase name="firefox_browser_only_validation" classname="com.cucumber.test.DemoQAFireFox" time="11.958"/>
  <testcase name="navigate_to_http_store_demoqa_com" classname="com.cucumber.test.DemoQAFireFox" time="19.583"/>
  <testcase name="navigate_to_Product_category_and_select_Accessories" classname="com.cucumber.test.DemoQAFireFox" time="5.562"/>
  <testcase name="click_on_Add_to_Cart_button_for_just_Magic_Mouse" classname="com.cucumber.test.DemoQAFireFox" time="3.168"/>
  <testcase name="click_on_Checkout_link_and_confirm_you_have_Magic_Mouse_in_your_Check_Out_Page" classname="com.cucumber.test.DemoQAFireFox" time="5.287"/>
  <testcase name="after_confirming_click_on_Continue_button" classname="com.cucumber.test.DemoQAFireFox" time="14.014">
    <failure message="Element &lt;span&gt; could not be scrolled into view&#10;Build info: version: &apos;3.8.1&apos;, revision: &apos;6e95a6684b&apos;, time: &apos;2017-12-01T18:33:54.468Z&apos;&#10;System info: host: &apos;DESKTOP-EU7RG2N&apos;, ip: &apos;192.168.43.6&apos;, os.name: &apos;Windows 10&apos;, os.arch: &apos;amd64&apos;, os.version: &apos;10.0&apos;, java.version: &apos;1.8.0_131&apos;&#10;Driver info: org.openqa.selenium.firefox.FirefoxDriver&#10;Capabilities {acceptInsecureCerts: true, browserName: firefox, browserVersion: 61.0.1, javascriptEnabled: true, moz:accessibilityChecks: false, moz:headless: false, moz:processID: 6500, moz:profile: C:\Users\Divya\AppData\Loca..., moz:useNonSpecCompliantPointerOrigin: false, moz:webdriverClick: true, pageLoadStrategy: normal, platform: XP, platformName: XP, platformVersion: 10.0, rotatable: false, timeouts: {implicit: 0, pageLoad: 300000, script: 30000}}&#10;Session ID: b24f5b32-1757-4af8-9c0b-f44480b84c8f" type="org.openqa.selenium.ElementNotInteractableException"><![CDATA[org.openqa.selenium.ElementNotInteractableException: 
Element <span> could not be scrolled into view
Build info: version: '3.8.1', revision: '6e95a6684b', time: '2017-12-01T18:33:54.468Z'
System info: host: 'DESKTOP-EU7RG2N', ip: '192.168.43.6', os.name: 'Windows 10', os.arch: 'amd64', os.version: '10.0', java.version: '1.8.0_131'
Driver info: org.openqa.selenium.firefox.FirefoxDriver
Capabilities {acceptInsecureCerts: true, browserName: firefox, browserVersion: 61.0.1, javascriptEnabled: true, moz:accessibilityChecks: false, moz:headless: false, moz:processID: 6500, moz:profile: C:\Users\Divya\AppData\Loca..., moz:useNonSpecCompliantPointerOrigin: false, moz:webdriverClick: true, pageLoadStrategy: normal, platform: XP, platformName: XP, platformVersion: 10.0, rotatable: false, timeouts: {implicit: 0, pageLoad: 300000, script: 30000}}
Session ID: b24f5b32-1757-4af8-9c0b-f44480b84c8f
	at com.cucumber.test.DemoQAFireFox.after_confirming_click_on_Continue_button(DemoQAFireFox.java:136)
]]></failure>
    <system-out><![CDATA[ScreenShot Taken
]]></system-out>
    <system-err><![CDATA[JavaScript warning: https://www.googletagmanager.com/gtag/js?id=UA-109033876-2, line 69: unreachable code after return statement
JavaScript warning: https://www.googletagmanager.com/gtag/js?id=UA-109033876-2, line 69: unreachable code after return statement
]]></system-err>
  </testcase>
  <testcase name="enter_dummy_data_needed_for_email_billing_or_contact_details_and_click_Purchase" classname="com.cucumber.test.DemoQAFireFox" time="1.337">
    <failure message="Element &lt;input id=&quot;wpsc_checkout_form_2&quot; class=&quot;text wpsc-visitor-meta&quot; name=&quot;collected_data[2]&quot; type=&quot;text&quot;&gt; could not be scrolled into view&#10;Build info: version: &apos;3.8.1&apos;, revision: &apos;6e95a6684b&apos;, time: &apos;2017-12-01T18:33:54.468Z&apos;&#10;System info: host: &apos;DESKTOP-EU7RG2N&apos;, ip: &apos;192.168.43.6&apos;, os.name: &apos;Windows 10&apos;, os.arch: &apos;amd64&apos;, os.version: &apos;10.0&apos;, java.version: &apos;1.8.0_131&apos;&#10;Driver info: org.openqa.selenium.firefox.FirefoxDriver&#10;Capabilities {acceptInsecureCerts: true, browserName: firefox, browserVersion: 61.0.1, javascriptEnabled: true, moz:accessibilityChecks: false, moz:headless: false, moz:processID: 6500, moz:profile: C:\Users\Divya\AppData\Loca..., moz:useNonSpecCompliantPointerOrigin: false, moz:webdriverClick: true, pageLoadStrategy: normal, platform: XP, platformName: XP, platformVersion: 10.0, rotatable: false, timeouts: {implicit: 0, pageLoad: 300000, script: 30000}}&#10;Session ID: b24f5b32-1757-4af8-9c0b-f44480b84c8f" type="org.openqa.selenium.ElementNotInteractableException"><![CDATA[org.openqa.selenium.ElementNotInteractableException: 
Element <input id="wpsc_checkout_form_2" class="text wpsc-visitor-meta" name="collected_data[2]" type="text"> could not be scrolled into view
Build info: version: '3.8.1', revision: '6e95a6684b', time: '2017-12-01T18:33:54.468Z'
System info: host: 'DESKTOP-EU7RG2N', ip: '192.168.43.6', os.name: 'Windows 10', os.arch: 'amd64', os.version: '10.0', java.version: '1.8.0_131'
Driver info: org.openqa.selenium.firefox.FirefoxDriver
Capabilities {acceptInsecureCerts: true, browserName: firefox, browserVersion: 61.0.1, javascriptEnabled: true, moz:accessibilityChecks: false, moz:headless: false, moz:processID: 6500, moz:profile: C:\Users\Divya\AppData\Loca..., moz:useNonSpecCompliantPointerOrigin: false, moz:webdriverClick: true, pageLoadStrategy: normal, platform: XP, platformName: XP, platformVersion: 10.0, rotatable: false, timeouts: {implicit: 0, pageLoad: 300000, script: 30000}}
Session ID: b24f5b32-1757-4af8-9c0b-f44480b84c8f
	at com.cucumber.test.DemoQAFireFox.enter_dummy_data_needed_for_email_billing_or_contact_details_and_click_Purchase(DemoQAFireFox.java:160)
]]></failure>
    <system-out><![CDATA[0123456789
ScreenShot Taken
]]></system-out>
  </testcase>
  <testcase name="confirm_that_you_have_placed_the_Order_in_Transaction_Result_page" classname="com.cucumber.test.DemoQAFireFox" time="1.645"/>
</testsuite>