<?xml version="1.0" encoding="UTF-8"?>
<testng-results skipped="0" failed="0" total="16" passed="16">
  <reporter-output>
  </reporter-output>
  <suite name="Default suite" duration-ms="70223" started-at="2018-07-17T16:35:21Z" finished-at="2018-07-17T16:36:31Z">
    <groups>
    </groups>
    <test name="Test" duration-ms="70223" started-at="2018-07-17T16:35:21Z" finished-at="2018-07-17T16:36:31Z">
      <class name="com.cucumber.test.DemoQAFireFox">
        <test-method status="PASS" signature="firefox_browser_only_validation()[pri:0, instance:com.cucumber.test.DemoQAFireFox@13805618]" name="firefox_browser_only_validation" duration-ms="12150" started-at="2018-07-17T12:35:21Z" finished-at="2018-07-17T12:35:33Z">
          <reporter-output>
          </reporter-output>
        </test-method> <!-- firefox_browser_only_validation -->
        <test-method status="PASS" signature="navigate_to_http_store_demoqa_com()[pri:0, instance:com.cucumber.test.DemoQAFireFox@13805618]" name="navigate_to_http_store_demoqa_com" duration-ms="5744" started-at="2018-07-17T12:35:33Z" finished-at="2018-07-17T12:35:39Z">
          <reporter-output>
          </reporter-output>
        </test-method> <!-- navigate_to_http_store_demoqa_com -->
        <test-method status="PASS" signature="navigate_to_Product_category_and_select_Accessories()[pri:0, instance:com.cucumber.test.DemoQAFireFox@13805618]" name="navigate_to_Product_category_and_select_Accessories" duration-ms="10489" started-at="2018-07-17T12:35:39Z" finished-at="2018-07-17T12:35:50Z">
          <reporter-output>
          </reporter-output>
        </test-method> <!-- navigate_to_Product_category_and_select_Accessories -->
        <test-method status="PASS" signature="click_on_Add_to_Cart_button_for_just_Magic_Mouse()[pri:0, instance:com.cucumber.test.DemoQAFireFox@13805618]" name="click_on_Add_to_Cart_button_for_just_Magic_Mouse" duration-ms="2596" started-at="2018-07-17T12:35:50Z" finished-at="2018-07-17T12:35:52Z">
          <reporter-output>
          </reporter-output>
        </test-method> <!-- click_on_Add_to_Cart_button_for_just_Magic_Mouse -->
        <test-method status="PASS" signature="click_on_Checkout_link_and_confirm_you_have_Magic_Mouse_in_your_Check_Out_Page(int)[pri:0, instance:com.cucumber.test.DemoQAFireFox@13805618]" name="click_on_Checkout_link_and_confirm_you_have_Magic_Mouse_in_your_Check_Out_Page" duration-ms="6366" started-at="2018-07-17T12:35:52Z" finished-at="2018-07-17T12:35:59Z">
          <params>
            <param index="0">
              <value>
                <![CDATA[1]]>
              </value>
            </param>
          </params>
          <reporter-output>
          </reporter-output>
        </test-method> <!-- click_on_Checkout_link_and_confirm_you_have_Magic_Mouse_in_your_Check_Out_Page -->
        <test-method status="PASS" signature="after_confirming_click_on_Continue_button()[pri:0, instance:com.cucumber.test.DemoQAFireFox@13805618]" name="after_confirming_click_on_Continue_button" duration-ms="3621" started-at="2018-07-17T12:35:59Z" finished-at="2018-07-17T12:36:02Z">
          <reporter-output>
          </reporter-output>
        </test-method> <!-- after_confirming_click_on_Continue_button -->
        <test-method status="PASS" signature="enter_dummy_data_needed_for_email_billing_or_contact_details_and_click_Purchase()[pri:0, instance:com.cucumber.test.DemoQAFireFox@13805618]" name="enter_dummy_data_needed_for_email_billing_or_contact_details_and_click_Purchase" duration-ms="6681" started-at="2018-07-17T12:36:02Z" finished-at="2018-07-17T12:36:09Z">
          <reporter-output>
          </reporter-output>
        </test-method> <!-- enter_dummy_data_needed_for_email_billing_or_contact_details_and_click_Purchase -->
        <test-method status="PASS" signature="confirm_that_you_have_placed_the_Order_in_Transaction_Result_page()[pri:0, instance:com.cucumber.test.DemoQAFireFox@13805618]" name="confirm_that_you_have_placed_the_Order_in_Transaction_Result_page" duration-ms="2454" started-at="2018-07-17T12:36:09Z" finished-at="2018-07-17T12:36:11Z">
          <reporter-output>
          </reporter-output>
        </test-method> <!-- confirm_that_you_have_placed_the_Order_in_Transaction_Result_page -->
      </class> <!-- com.cucumber.test.DemoQAFireFox -->
      <class name="com.cucumber.test.DemoQAChrome">
        <test-method status="PASS" signature="chrome_only_validation()[pri:0, instance:com.cucumber.test.DemoQAChrome@73ad2d6]" name="chrome_only_validation" duration-ms="4403" started-at="2018-07-17T12:35:21Z" finished-at="2018-07-17T12:35:26Z">
          <reporter-output>
          </reporter-output>
        </test-method> <!-- chrome_only_validation -->
        <test-method status="PASS" signature="go_to_http_store_demoqa_com()[pri:0, instance:com.cucumber.test.DemoQAChrome@73ad2d6]" name="go_to_http_store_demoqa_com" duration-ms="13527" started-at="2018-07-17T12:35:26Z" finished-at="2018-07-17T12:35:39Z">
          <reporter-output>
          </reporter-output>
        </test-method> <!-- go_to_http_store_demoqa_com -->
        <test-method status="PASS" signature="go_to_Product_category_and_select_Accessories()[pri:0, instance:com.cucumber.test.DemoQAChrome@73ad2d6]" name="go_to_Product_category_and_select_Accessories" duration-ms="10562" started-at="2018-07-17T12:35:39Z" finished-at="2018-07-17T12:35:50Z">
          <reporter-output>
          </reporter-output>
        </test-method> <!-- go_to_Product_category_and_select_Accessories -->
        <test-method status="PASS" signature="click_on_Add_to_Cart_for_just_Magic_Mouse()[pri:0, instance:com.cucumber.test.DemoQAChrome@73ad2d6]" name="click_on_Add_to_Cart_for_just_Magic_Mouse" duration-ms="346" started-at="2018-07-17T12:35:50Z" finished-at="2018-07-17T12:35:50Z">
          <reporter-output>
          </reporter-output>
        </test-method> <!-- click_on_Add_to_Cart_for_just_Magic_Mouse -->
        <test-method status="PASS" signature="click_on_Checkout_and_confirm_you_have_Magic_Mouse_in_your_Check_Out_Page(int)[pri:0, instance:com.cucumber.test.DemoQAChrome@73ad2d6]" name="click_on_Checkout_and_confirm_you_have_Magic_Mouse_in_your_Check_Out_Page" duration-ms="11537" started-at="2018-07-17T12:35:50Z" finished-at="2018-07-17T12:36:02Z">
          <params>
            <param index="0">
              <value>
                <![CDATA[1]]>
              </value>
            </param>
          </params>
          <reporter-output>
          </reporter-output>
        </test-method> <!-- click_on_Checkout_and_confirm_you_have_Magic_Mouse_in_your_Check_Out_Page -->
        <test-method status="PASS" signature="after_confirming_click_on_Continue()[pri:0, instance:com.cucumber.test.DemoQAChrome@73ad2d6]" name="after_confirming_click_on_Continue" duration-ms="192" started-at="2018-07-17T12:36:02Z" finished-at="2018-07-17T12:36:02Z">
          <reporter-output>
          </reporter-output>
        </test-method> <!-- after_confirming_click_on_Continue -->
        <test-method status="PASS" signature="enter_test_data_needed_for_email_billing_or_contact_details_and_click_Purchase()[pri:0, instance:com.cucumber.test.DemoQAChrome@73ad2d6]" name="enter_test_data_needed_for_email_billing_or_contact_details_and_click_Purchase" duration-ms="28917" started-at="2018-07-17T12:36:02Z" finished-at="2018-07-17T12:36:31Z">
          <reporter-output>
          </reporter-output>
        </test-method> <!-- enter_test_data_needed_for_email_billing_or_contact_details_and_click_Purchase -->
        <test-method status="PASS" signature="confirm_that_you_have_placed_the_Order_in_Transaction_Results_page()[pri:0, instance:com.cucumber.test.DemoQAChrome@73ad2d6]" name="confirm_that_you_have_placed_the_Order_in_Transaction_Results_page" duration-ms="708" started-at="2018-07-17T12:36:31Z" finished-at="2018-07-17T12:36:31Z">
          <reporter-output>
          </reporter-output>
        </test-method> <!-- confirm_that_you_have_placed_the_Order_in_Transaction_Results_page -->
      </class> <!-- com.cucumber.test.DemoQAChrome -->
    </test> <!-- Test -->
  </suite> <!-- Default suite -->
</testng-results>
